<?xml version="1.0" encoding="UTF-8"?>
<!-- Generated by org.testng.reporters.JUnitReportReporter -->
<testsuite hostname="DESKTOP-FUKREEK" failures="0" tests="1" name="com.myMav.testcases.Profile1" time="10.123" errors="0" timestamp="2022-06-05T19:05:29 IST" skipped="0">
  <testcase classname="com.myMav.testcases.Profile1" name="prof" time="10.123"/>
  <system-out/>
</testsuite> <!-- com.myMav.testcases.Profile1 -->
