<?xml version="1.0" encoding="UTF-8"?>
<!-- Generated by org.testng.reporters.JUnitReportReporter -->
<testsuite hostname="DESKTOP-FUKREEK" failures="0" tests="1" name="com.myMav.testcases.Refresh1" time="10.011" errors="0" timestamp="2022-06-05T19:05:29 IST" skipped="0">
  <testcase classname="com.myMav.testcases.Refresh1" name="Refres" time="10.011"/>
  <system-out/>
</testsuite> <!-- com.myMav.testcases.Refresh1 -->
