<?xml version="1.0" encoding="UTF-8"?>
<!-- Generated by org.testng.reporters.JUnitReportReporter -->
<testsuite hostname="DESKTOP-FUKREEK" failures="0" tests="1" name="com.myMav.testcases.Owner1" time="60.234" errors="0" timestamp="2022-06-05T19:05:29 IST" skipped="0">
  <testcase classname="com.myMav.testcases.Owner1" name="Own" time="60.234"/>
  <system-out/>
</testsuite> <!-- com.myMav.testcases.Owner1 -->
