<?xml version="1.0" encoding="UTF-8"?>
<!-- Generated by org.testng.reporters.JUnitReportReporter -->
<testsuite hostname="DESKTOP-FUKREEK" failures="0" tests="1" name="com.myMav.testcases.Credit1" time="8.548" errors="0" timestamp="2022-06-05T19:05:29 IST" skipped="0">
  <testcase classname="com.myMav.testcases.Credit1" name="cred" time="8.548"/>
  <system-out/>
</testsuite> <!-- com.myMav.testcases.Credit1 -->
